-----------------------------
Grading script for Programming Challenge 06

Student's Name: Matthew Morrison
Student's ID  : mmorri22

These tests evaluate if you met the Production Quality Compilation Standards.
To get the best results, run 'make clean' before running this script next time.
If you are a student, don't forget to run 'make clean' before you push!

-----------------------------
Testing for clean pushing to GitHub
Student successfully pushed to GitHub with no object files
15 / 15
Student successfully pushed to GitHub with no executables
15 / 15

-----------------------------
Testing make clean
Student successfully implement make clean
15 / 15


-----------------------------
Testing make JK_Test
rm -rf objects/* exe/*
make JK_Test output  : 
g++ -m64 -std=c++11 -Weffc++ -O2 -g -Wall -Wextra -Wconversion -Wshadow -pedantic -Werror -lm -c src/JKFF.cpp -o objects/JKFF.o g++ -m64 -std=c++11 -Weffc++ -O2 -g -Wall -Wextra -Wconversion -Wshadow -pedantic -Werror -lm -c src/JK_Test.cpp -o objects/JK_Test.o g++ -m64 -std=c++11 -Weffc++ -O2 -g -Wall -Wextra -Wconversion -Wshadow -pedantic -Werror -lm -o exe/JK_Test objects/JKFF.o objects/JK_Test.o

make JK_Test test passed
Student made a good faith attempt to compile with these flags:
g++ -Wextra -Wconversion -Werror -std=c++11
Successful compilation is not required to earn these points
50 / 50

-----------------------------
JK_TEST Successfully Compiled!
50 / 50


-----------------------------
Testing JK_Test program

-----------------------------
Expected './exe/JK_Test' output: Incorrect number of inputs
  Actual './exe/JK_Test' output: Incorrect number of inputs

./exe/JK_Test test passed
20 / 20

-----------------------------
Expected './exe/JK_Test badfile.txt' output: badfile.txt does not exist
  Actual './exe/JK_Test badfile.txt' output: badfile.txt does not exist

./exe/JK_Test badfile.txt test passed
20 / 20

-----------------------------
Expected './exe/JK_Test JK_test_1.txt' output: 0 1
0 1
1 0
0 1
1 0
0 1
1 0
0 1
  Actual './exe/JK_Test JK_test_1.txt' output: 0 1
0 1
1 0
0 1
1 0
0 1
1 0
0 1

./exe/JK_Test JK_test_1.txt test passed
46 / 46

-----------------------------
Expected './exe/JK_Test JK_test_2.txt' output: 0 1
0 1
0 1
0 1
0 1
0 1
0 1
0 1
  Actual './exe/JK_Test JK_test_2.txt' output: 0 1
0 1
0 1
0 1
0 1
0 1
0 1
0 1

./exe/JK_Test JK_test_2.txt test passed
47 / 47

-----------------------------
Expected './exe/JK_Test JK_test_3.txt' output: 0 1
0 1
0 1
1 0
1 0
1 0
1 0
0 1
0 1
0 1
0 1
  Actual './exe/JK_Test JK_test_3.txt' output: 0 1
0 1
0 1
1 0
1 0
1 0
1 0
0 1
0 1
0 1
0 1

./exe/JK_Test JK_test_3.txt test passed
47 / 47

-----------------------------
Expected './exe/JK_Test JK_test_4.txt' output: 0 1
1 0
1 0
1 0
0 1
1 0
1 0
1 0
0 1
0 1
0 1
0 1
1 0
0 1
  Actual './exe/JK_Test JK_test_4.txt' output: 0 1
1 0
1 0
1 0
0 1
1 0
1 0
1 0
0 1
0 1
0 1
0 1
1 0
0 1

./exe/JK_Test JK_test_4.txt test passed
47  / 47 

-----------------------------
Testing make BDC_Test
rm -rf objects/* exe/*
make BDC_Test output  : 
g++ -m64 -std=c++11 -Weffc++ -O2 -g -Wall -Wextra -Wconversion -Wshadow -pedantic -Werror -lm -c src/JKFF.cpp -o objects/JKFF.o g++ -m64 -std=c++11 -Weffc++ -O2 -g -Wall -Wextra -Wconversion -Wshadow -pedantic -Werror -lm -c src/BDC.cpp -o objects/BDC.o g++ -m64 -std=c++11 -Weffc++ -O2 -g -Wall -Wextra -Wconversion -Wshadow -pedantic -Werror -lm -c src/BDC_Test.cpp -o objects/BDC_Test.o g++ -m64 -std=c++11 -Weffc++ -O2 -g -Wall -Wextra -Wconversion -Wshadow -pedantic -Werror -lm -o exe/BDC_Test objects/JKFF.o objects/BDC.o objects/BDC_Test.o

make BDC_Test test passed
Student made a good faith attempt to compile with these flags:
g++ -Wextra -Wconversion -Werror -std=c++11
Successful compilation is not required to earn these points
50 / 50

-----------------------------
BDC_Test Successfully Compiled!
50 / 50

Expected './exe/BDC_Test' output: Incorrect number of inputs
  Actual './exe/BDC_Test' output: Incorrect number of inputs

./exe/BDC_Test test passed
20 / 20

-----------------------------
Expected './exe/BDC_Test badfile.txt' output: badfile.txt does not exist
  Actual './exe/BDC_Test badfile.txt' output: badfile.txt does not exist

./exe/BDC_Test badfile.txt test passed
20 / 20

-----------------------------
Expected './exe/BDC_Test BDC_test_1.txt' output: Initial value in main: 0 0 0 0 0
0 0 0 1 1
0 0 1 0 2
0 0 1 1 3
0 1 0 0 4
0 1 0 1 5
0 1 1 0 6
0 1 1 1 7
1 0 0 0 8
1 0 0 1 9
1 0 1 0 10
1 0 1 1 11
1 1 0 0 12
1 1 0 1 13
1 1 1 0 14
1 1 1 1 15
1 1 1 0 14
1 1 0 1 13
1 1 0 0 12
1 0 1 1 11
1 0 1 0 10
1 0 0 1 9
1 0 0 0 8
0 1 1 1 7
0 1 1 0 6
0 1 0 1 5
0 1 0 0 4
0 0 1 1 3
0 0 1 0 2
0 0 0 1 1
0 0 0 0 0
1 1 1 1 15
1 1 1 0 14
Final value in main: 1 1 1 0 14
  Actual './exe/BDC_Test BDC_test_1.txt' output: Initial value in main: 0 0 0 0 0
0 0 0 1 1
0 0 1 0 2
0 0 1 1 3
0 1 0 0 4
0 1 0 1 5
0 1 1 0 6
0 1 1 1 7
1 0 0 0 8
1 0 0 1 9
1 0 1 0 10
1 0 1 1 11
1 1 0 0 12
1 1 0 1 13
1 1 1 0 14
1 1 1 1 15
1 1 1 0 14
1 1 0 1 13
1 1 0 0 12
1 0 1 1 11
1 0 1 0 10
1 0 0 1 9
1 0 0 0 8
0 1 1 1 7
0 1 1 0 6
0 1 0 1 5
0 1 0 0 4
0 0 1 1 3
0 0 1 0 2
0 0 0 1 1
0 0 0 0 0
1 1 1 1 15
1 1 1 0 14
Final value in main: 1 1 1 0 14

./exe/BDC_Test BDC_test_1.txt test passed
47 / 47

-----------------------------
Expected './exe/BDC_Test BDC_test_2.txt' output: Initial value in main: 0 0 0 0 0
0 0 0 0 0
0 0 0 0 0
0 0 0 0 0
0 0 0 0 0
0 0 0 0 0
0 0 0 0 0
0 0 0 0 0
0 0 0 0 0
0 0 0 0 0
0 0 0 0 0
0 0 0 0 0
0 0 0 0 0
0 0 0 0 0
0 0 0 0 0
0 0 0 0 0
0 0 0 0 0
0 0 0 0 0
0 0 0 0 0
0 0 0 0 0
0 0 0 0 0
0 0 0 0 0
0 0 0 0 0
0 0 0 0 0
0 0 0 0 0
0 0 0 0 0
0 0 0 0 0
0 0 0 0 0
Final value in main: 0 0 0 0 0
  Actual './exe/BDC_Test BDC_test_2.txt' output: Initial value in main: 0 0 0 0 0
0 0 0 0 0
0 0 0 0 0
0 0 0 0 0
0 0 0 0 0
0 0 0 0 0
0 0 0 0 0
0 0 0 0 0
0 0 0 0 0
0 0 0 0 0
0 0 0 0 0
0 0 0 0 0
0 0 0 0 0
0 0 0 0 0
0 0 0 0 0
0 0 0 0 0
0 0 0 0 0
0 0 0 0 0
0 0 0 0 0
0 0 0 0 0
0 0 0 0 0
0 0 0 0 0
0 0 0 0 0
0 0 0 0 0
0 0 0 0 0
0 0 0 0 0
0 0 0 0 0
0 0 0 0 0
Final value in main: 0 0 0 0 0

./exe/BDC_Test BDC_test_2.txt test passed
47 / 47

-----------------------------
Expected './exe/BDC_Test BDC_test_3.txt' output: Initial value in main: 0 0 0 0 0
0 0 0 0 0
0 0 0 1 1
0 0 0 1 1
0 0 1 0 2
0 0 1 0 2
0 0 1 1 3
0 0 1 1 3
0 1 0 0 4
0 1 0 0 4
0 1 0 1 5
0 1 0 1 5
0 1 0 0 4
0 1 0 0 4
0 0 1 1 3
0 0 1 1 3
0 0 1 0 2
0 0 1 0 2
0 0 0 1 1
0 0 0 1 1
0 0 0 0 0
0 0 0 0 0
1 1 1 1 15
1 1 1 1 15
1 1 1 0 14
1 1 1 0 14
1 1 0 1 13
1 1 0 1 13
Final value in main: 1 1 0 1 13
  Actual './exe/BDC_Test BDC_test_3.txt' output: Initial value in main: 0 0 0 0 0
0 0 0 0 0
0 0 0 1 1
0 0 0 1 1
0 0 1 0 2
0 0 1 0 2
0 0 1 1 3
0 0 1 1 3
0 1 0 0 4
0 1 0 0 4
0 1 0 1 5
0 1 0 1 5
0 1 0 0 4
0 1 0 0 4
0 0 1 1 3
0 0 1 1 3
0 0 1 0 2
0 0 1 0 2
0 0 0 1 1
0 0 0 1 1
0 0 0 0 0
0 0 0 0 0
1 1 1 1 15
1 1 1 1 15
1 1 1 0 14
1 1 1 0 14
1 1 0 1 13
1 1 0 1 13
Final value in main: 1 1 0 1 13

./exe/BDC_Test BDC_test_3.txt test passed
47 / 47

-----------------------------
Expected './exe/BDC_Test BDC_test_4.txt' output: Initial value in main: 0 0 0 0 0
0 0 0 0 0
0 0 0 1 1
0 0 1 0 2
0 0 1 1 3
0 0 1 1 3
0 0 1 1 3
0 0 1 1 3
0 1 0 0 4
0 1 0 1 5
0 1 1 0 6
0 1 1 0 6
0 1 1 0 6
0 1 1 0 6
0 1 0 1 5
0 1 0 0 4
0 0 1 1 3
0 0 1 1 3
0 0 1 1 3
0 0 1 1 3
0 0 1 0 2
0 0 0 1 1
0 0 0 0 0
0 0 0 0 0
0 0 0 0 0
0 0 0 0 0
1 1 1 1 15
1 1 1 0 14
Final value in main: 1 1 1 0 14
  Actual './exe/BDC_Test BDC_test_4.txt' output: Initial value in main: 0 0 0 0 0
0 0 0 0 0
0 0 0 1 1
0 0 1 0 2
0 0 1 1 3
0 0 1 1 3
0 0 1 1 3
0 0 1 1 3
0 1 0 0 4
0 1 0 1 5
0 1 1 0 6
0 1 1 0 6
0 1 1 0 6
0 1 1 0 6
0 1 0 1 5
0 1 0 0 4
0 0 1 1 3
0 0 1 1 3
0 0 1 1 3
0 0 1 1 3
0 0 1 0 2
0 0 0 1 1
0 0 0 0 0
0 0 0 0 0
0 0 0 0 0
0 0 0 0 0
1 1 1 1 15
1 1 1 0 14
Final value in main: 1 1 1 0 14

./exe/BDC_Test BDC_test_4.txt test passed
47 / 47

-----------------------------
-----------------------------

PC06 Testing Portion Grade for Matthew Morrison (mmorri22): 700 / 700 
